<?xml version="1.0" encoding="UTF-8"?>
<!-- Generated by org.testng.reporters.JUnitReportReporter -->
<testsuite name="com.exercise.maven.Calculator_linusw.CalculatorTest" tests="1" time="0.117" ignored="0" failures="0" timestamp="21 dec 2018 15:55:32 GMT" skipped="0" hostname="Linus-Dator" errors="0">
  <testcase name="test" time="0.117" classname="com.exercise.maven.Calculator_linusw.CalculatorTest"/>
</testsuite> <!-- com.exercise.maven.Calculator_linusw.CalculatorTest -->
