<?xml version="1.0" encoding="UTF-8"?>
<!-- Generated by org.testng.reporters.JUnitReportReporter -->
<testsuite name="com.exercise.maven.Calculator_linusw.AppTest" tests="1" time="0.004" ignored="0" failures="0" timestamp="21 dec 2018 15:55:32 GMT" skipped="0" hostname="Linus-Dator" errors="0">
  <testcase name="shouldAnswerWithTrue" time="0.004" classname="com.exercise.maven.Calculator_linusw.AppTest"/>
</testsuite> <!-- com.exercise.maven.Calculator_linusw.AppTest -->
